[debug] [2021-10-31T14:25:58.670Z] ----------------------------------------------------------------------
[debug] [2021-10-31T14:25:58.673Z] Command:       C:\Program Files\nodejs\node.exe C:\Users\User\AppData\Roaming\npm\node_modules\firebase-tools\lib\bin\firebase.js deploy
[debug] [2021-10-31T14:25:58.674Z] CLI Version:   9.21.0
[debug] [2021-10-31T14:25:58.674Z] Platform:      win32
[debug] [2021-10-31T14:25:58.674Z] Node Version:  v14.18.1
[debug] [2021-10-31T14:25:58.684Z] Time:          Sun Oct 31 2021 20:25:58 GMT+0600 (Bangladesh Standard Time)
[debug] [2021-10-31T14:25:58.684Z] ----------------------------------------------------------------------
[debug] 
[debug] [2021-10-31T14:25:58.761Z] > command requires scopes: ["email","openid","https://www.googleapis.com/auth/cloudplatformprojects.readonly","https://www.googleapis.com/auth/firebase","https://www.googleapis.com/auth/cloud-platform"]
[debug] [2021-10-31T14:25:58.761Z] > authorizing via signed-in user (mahabubemon24@gmail.com)
[debug] [2021-10-31T14:25:58.761Z] [iam] checking project ghurbo-tourism for permissions ["firebase.projects.get","firebasehosting.sites.update"]
[debug] [2021-10-31T14:25:58.765Z] > refreshing access token with scopes: ["email","https://www.googleapis.com/auth/cloud-platform","https://www.googleapis.com/auth/cloudplatformprojects.readonly","https://www.googleapis.com/auth/firebase","openid"]
[debug] [2021-10-31T14:25:58.765Z] >>> HTTP REQUEST POST https://www.googleapis.com/oauth2/v3/token  
 <request body omitted>
[debug] [2021-10-31T14:25:59.018Z] <<< HTTP RESPONSE 200 {"cache-control":"no-cache, no-store, max-age=0, must-revalidate","pragma":"no-cache","expires":"Mon, 01 Jan 1990 00:00:00 GMT","date":"Sun, 31 Oct 2021 14:26:02 GMT","content-type":"application/json; charset=utf-8","vary":"X-Origin, Referer, Origin,Accept-Encoding","server":"scaffolding on HTTPServer2","x-xss-protection":"0","x-frame-options":"SAMEORIGIN","x-content-type-options":"nosniff","alt-svc":"h3=\":443\"; ma=2592000,h3-29=\":443\"; ma=2592000,h3-Q050=\":443\"; ma=2592000,h3-Q046=\":443\"; ma=2592000,h3-Q043=\":443\"; ma=2592000,quic=\":443\"; ma=2592000; v=\"46,43\"","accept-ranges":"none","transfer-encoding":"chunked"}
[debug] [2021-10-31T14:25:59.037Z] >>> HTTP REQUEST POST https://cloudresourcemanager.googleapis.com/v1/projects/ghurbo-tourism:testIamPermissions  
 {"permissions":["firebase.projects.get","firebasehosting.sites.update"]}
[debug] [2021-10-31T14:26:00.635Z] <<< HTTP RESPONSE 200 {"content-type":"application/json; charset=UTF-8","vary":"X-Origin, Referer, Origin,Accept-Encoding","date":"Sun, 31 Oct 2021 14:26:04 GMT","server":"ESF","cache-control":"private","x-xss-protection":"0","x-frame-options":"SAMEORIGIN","x-content-type-options":"nosniff","server-timing":"gfet4t7; dur=1211","alt-svc":"h3=\":443\"; ma=2592000,h3-29=\":443\"; ma=2592000,h3-Q050=\":443\"; ma=2592000,h3-Q046=\":443\"; ma=2592000,h3-Q043=\":443\"; ma=2592000,quic=\":443\"; ma=2592000; v=\"46,43\"","accept-ranges":"none","transfer-encoding":"chunked"}
[debug] [2021-10-31T14:26:00.637Z] > refreshing access token with scopes: []
[debug] [2021-10-31T14:26:00.637Z] >>> HTTP REQUEST POST https://www.googleapis.com/oauth2/v3/token  
 <request body omitted>
[debug] [2021-10-31T14:26:00.858Z] <<< HTTP RESPONSE 200 {"pragma":"no-cache","expires":"Mon, 01 Jan 1990 00:00:00 GMT","cache-control":"no-cache, no-store, max-age=0, must-revalidate","date":"Sun, 31 Oct 2021 14:26:04 GMT","content-type":"application/json; charset=utf-8","vary":"X-Origin, Referer, Origin,Accept-Encoding","server":"scaffolding on HTTPServer2","x-xss-protection":"0","x-frame-options":"SAMEORIGIN","x-content-type-options":"nosniff","alt-svc":"h3=\":443\"; ma=2592000,h3-29=\":443\"; ma=2592000,h3-Q050=\":443\"; ma=2592000,h3-Q046=\":443\"; ma=2592000,h3-Q043=\":443\"; ma=2592000,quic=\":443\"; ma=2592000; v=\"46,43\"","accept-ranges":"none","transfer-encoding":"chunked"}
[debug] [2021-10-31T14:26:00.877Z] >>> [apiv2][query] GET https://firebase.googleapis.com/v1beta1/projects/ghurbo-tourism [none]
[debug] [2021-10-31T14:26:01.691Z] <<< [apiv2][status] GET https://firebase.googleapis.com/v1beta1/projects/ghurbo-tourism 200
[debug] [2021-10-31T14:26:01.692Z] <<< [apiv2][body] GET https://firebase.googleapis.com/v1beta1/projects/ghurbo-tourism {"projectId":"ghurbo-tourism","projectNumber":"1000173435941","displayName":"ghurbo-tourism","name":"projects/ghurbo-tourism","resources":{"hostingSite":"ghurbo-tourism"},"state":"ACTIVE"}
[info] 
[info] === Deploying to 'ghurbo-tourism'...
[info] 
[info] i  deploying hosting 
[debug] [2021-10-31T14:26:01.703Z] > refreshing access token with scopes: ["email","https://www.googleapis.com/auth/cloud-platform","https://www.googleapis.com/auth/cloudplatformprojects.readonly","https://www.googleapis.com/auth/firebase","openid"]
[debug] [2021-10-31T14:26:01.703Z] >>> HTTP REQUEST POST https://www.googleapis.com/oauth2/v3/token  
 <request body omitted>
[debug] [2021-10-31T14:26:01.940Z] <<< HTTP RESPONSE 200 {"pragma":"no-cache","date":"Sun, 31 Oct 2021 14:26:05 GMT","expires":"Mon, 01 Jan 1990 00:00:00 GMT","cache-control":"no-cache, no-store, max-age=0, must-revalidate","content-type":"application/json; charset=utf-8","vary":"X-Origin, Referer, Origin,Accept-Encoding","server":"scaffolding on HTTPServer2","x-xss-protection":"0","x-frame-options":"SAMEORIGIN","x-content-type-options":"nosniff","alt-svc":"h3=\":443\"; ma=2592000,h3-29=\":443\"; ma=2592000,h3-Q050=\":443\"; ma=2592000,h3-Q046=\":443\"; ma=2592000,h3-Q043=\":443\"; ma=2592000,quic=\":443\"; ma=2592000; v=\"46,43\"","accept-ranges":"none","transfer-encoding":"chunked"}
[debug] [2021-10-31T14:26:01.961Z] >>> HTTP REQUEST POST https://firebasehosting.googleapis.com/v1beta1/sites/ghurbo-tourism/versions  
 {"config":{"rewrites":[{"glob":"**","path":"/index.html"}]},"labels":{"deployment-tool":"cli-firebase"}}
[debug] [2021-10-31T14:26:03.819Z] <<< HTTP RESPONSE 200 {"content-type":"application/json; charset=UTF-8","vary":"X-Origin, Referer, Origin,Accept-Encoding","date":"Sun, 31 Oct 2021 14:26:07 GMT","server":"ESF","cache-control":"private","x-xss-protection":"0","x-frame-options":"SAMEORIGIN","x-content-type-options":"nosniff","alt-svc":"h3=\":443\"; ma=2592000,h3-29=\":443\"; ma=2592000,h3-Q050=\":443\"; ma=2592000,h3-Q046=\":443\"; ma=2592000,h3-Q043=\":443\"; ma=2592000,quic=\":443\"; ma=2592000; v=\"46,43\"","accept-ranges":"none","transfer-encoding":"chunked"}
[info] i  hosting[ghurbo-tourism]: beginning deploy... 
[info] i  hosting[ghurbo-tourism]: found 21 files in build 
[debug] [2021-10-31T14:26:04.355Z] > refreshing access token with scopes: []
[debug] [2021-10-31T14:26:04.356Z] >>> HTTP REQUEST POST https://www.googleapis.com/oauth2/v3/token  
 <request body omitted>
[debug] [2021-10-31T14:26:04.360Z] [hosting] hash cache [YnVpbGQ] stored for 21 files
[debug] [2021-10-31T14:26:04.361Z] [hosting][hash queue][FINAL] {"max":486,"min":7,"avg":41.04761904761905,"active":0,"complete":21,"success":21,"errored":0,"retried":0,"total":21,"elapsed":505}
[debug] [2021-10-31T14:26:04.624Z] <<< HTTP RESPONSE 200 {"date":"Sun, 31 Oct 2021 14:26:08 GMT","expires":"Mon, 01 Jan 1990 00:00:00 GMT","pragma":"no-cache","cache-control":"no-cache, no-store, max-age=0, must-revalidate","content-type":"application/json; charset=utf-8","vary":"X-Origin, Referer, Origin,Accept-Encoding","server":"scaffolding on HTTPServer2","x-xss-protection":"0","x-frame-options":"SAMEORIGIN","x-content-type-options":"nosniff","alt-svc":"h3=\":443\"; ma=2592000,h3-29=\":443\"; ma=2592000,h3-Q050=\":443\"; ma=2592000,h3-Q046=\":443\"; ma=2592000,h3-Q043=\":443\"; ma=2592000,quic=\":443\"; ma=2592000; v=\"46,43\"","accept-ranges":"none","transfer-encoding":"chunked"}
[debug] [2021-10-31T14:26:04.744Z] >>> [apiv2][query] POST https://firebasehosting.googleapis.com/v1beta1/sites/ghurbo-tourism/versions/47b776958327268b:populateFiles [none]
[debug] [2021-10-31T14:26:04.745Z] >>> [apiv2][body] POST https://firebasehosting.googleapis.com/v1beta1/sites/ghurbo-tourism/versions/47b776958327268b:populateFiles {"files":{"/fakeData.json":"c9b7672011cfe7ba1beab24055327b815b57a90536ea8a3e701de2f474894085","/favicon.ico":"f7f865f7d43e2718af4cb20259927320d7582c55f1e082e4cc533fe4246b85d9","/logo192.png":"3ee59515172ee198f3be375979df15ac5345183e656720a381b8872b2a39dc8b","/logo512.png":"ee7e2f3fdb8209c4b6fd7bef6ba50d1b9dba30a25bb5c3126df057e1cb6f5331","/manifest.json":"aff3449bdc238776f5d6d967f19ec491b36aed5fb7f23ccff6500736fd58494a","/robots.txt":"bfe106a3fb878dc83461c86818bf74fc1bdc7f28538ba613cd3e775516ce8b49","/asset-manifest.json":"38dc562c5bf35846c129bb75cc0cb3981c80db98ba63ef887f572e314d477a1a","/index.html":"aa231b6474a295ec79a89e49d41ccd4ebc6e0f5a85d3dcb42284777eb4141dd4","/static/css/main.41c03305.chunk.css":"0dca076281c2ec5a025d186cba6358f3cabbb3d0d4d3dd7f4830173452f497e3","/static/css/main.41c03305.chunk.css.map":"ea4ddd75f0e622f37c93088942e87e65e852845755d637b00ec0a997a3e8e930","/static/js/2.d5885802.chunk.js.LICENSE.txt":"68b16697969801057d3e0deb105ae8509867a6ae2629d732d8100d885b17e4c5","/static/js/3.e101ebbd.chunk.js":"47895210a94d8d3f27717287636cac55c3286441ac7da20867700ff47a079c43","/static/js/3.e101ebbd.chunk.js.map":"f61bb3ecf9326359898c04abf5344c3590342b4afb79c8fc141e3ceea435a10e","/static/js/runtime-main.5c5b8cbd.js":"1e9260f61d4b79b32ce75a17445a379bc8fbdbccff58bc749b7f92acff37a96b","/static/js/main.9ac050a3.chunk.js":"bbff35edd9b4394ef23a3887dfe89675fb1c3bff0e8c932c8fd8135265414342","/static/js/main.9ac050a3.chunk.js.map":"84af3e2b35dc31e3bef3729fb145ace31a6857dd9340b4dde4fe38976b63db5b","/static/js/runtime-main.5c5b8cbd.js.map":"bf9581e9c4d32d1cc3e89f8e1b900af512e133205755d8a0bd56ec3b5c3b7234","/static/css/2.4659568d.chunk.css":"8a21dff157ad97492a31380434fd03015c060ab706dc316d004757f8e46245da","/static/js/2.d5885802.chunk.js":"5291ad3804dfdbcc7216bb3b94069ecb6f9e89ed42a6f4578e0bd6a55e17c97a","/static/css/2.4659568d.chunk.css.map":"f6202de33d97841da0087f7a0466516b9b4f564a0b8c8b4b51703f7085cf13e8","/static/js/2.d5885802.chunk.js.map":"54bd7f1af3e0ea601780b5a5c13917a0600e7fc0e5707b5c9e741f9815b706c2"}}
[debug] [2021-10-31T14:26:06.389Z] <<< [apiv2][status] POST https://firebasehosting.googleapis.com/v1beta1/sites/ghurbo-tourism/versions/47b776958327268b:populateFiles 200
[debug] [2021-10-31T14:26:06.389Z] <<< [apiv2][body] POST https://firebasehosting.googleapis.com/v1beta1/sites/ghurbo-tourism/versions/47b776958327268b:populateFiles {"uploadRequiredHashes":["54bd7f1af3e0ea601780b5a5c13917a0600e7fc0e5707b5c9e741f9815b706c2","aa231b6474a295ec79a89e49d41ccd4ebc6e0f5a85d3dcb42284777eb4141dd4","84af3e2b35dc31e3bef3729fb145ace31a6857dd9340b4dde4fe38976b63db5b","5291ad3804dfdbcc7216bb3b94069ecb6f9e89ed42a6f4578e0bd6a55e17c97a","38dc562c5bf35846c129bb75cc0cb3981c80db98ba63ef887f572e314d477a1a","bbff35edd9b4394ef23a3887dfe89675fb1c3bff0e8c932c8fd8135265414342"],"uploadUrl":"https://upload-firebasehosting.googleapis.com/upload/sites/ghurbo-tourism/versions/47b776958327268b/files"}
[debug] [2021-10-31T14:26:06.394Z] >>> [apiv2][query] POST https://upload-firebasehosting.googleapis.com/upload/sites/ghurbo-tourism/versions/47b776958327268b/files/54bd7f1af3e0ea601780b5a5c13917a0600e7fc0e5707b5c9e741f9815b706c2 [none]
[debug] [2021-10-31T14:26:06.395Z] >>> [apiv2][body] POST https://upload-firebasehosting.googleapis.com/upload/sites/ghurbo-tourism/versions/47b776958327268b/files/54bd7f1af3e0ea601780b5a5c13917a0600e7fc0e5707b5c9e741f9815b706c2 [stream]
[debug] [2021-10-31T14:26:06.399Z] >>> [apiv2][query] POST https://upload-firebasehosting.googleapis.com/upload/sites/ghurbo-tourism/versions/47b776958327268b/files/aa231b6474a295ec79a89e49d41ccd4ebc6e0f5a85d3dcb42284777eb4141dd4 [none]
[debug] [2021-10-31T14:26:06.399Z] >>> [apiv2][body] POST https://upload-firebasehosting.googleapis.com/upload/sites/ghurbo-tourism/versions/47b776958327268b/files/aa231b6474a295ec79a89e49d41ccd4ebc6e0f5a85d3dcb42284777eb4141dd4 [stream]
[debug] [2021-10-31T14:26:06.403Z] >>> [apiv2][query] POST https://upload-firebasehosting.googleapis.com/upload/sites/ghurbo-tourism/versions/47b776958327268b/files/84af3e2b35dc31e3bef3729fb145ace31a6857dd9340b4dde4fe38976b63db5b [none]
[debug] [2021-10-31T14:26:06.403Z] >>> [apiv2][body] POST https://upload-firebasehosting.googleapis.com/upload/sites/ghurbo-tourism/versions/47b776958327268b/files/84af3e2b35dc31e3bef3729fb145ace31a6857dd9340b4dde4fe38976b63db5b [stream]
[debug] [2021-10-31T14:26:06.406Z] >>> [apiv2][query] POST https://upload-firebasehosting.googleapis.com/upload/sites/ghurbo-tourism/versions/47b776958327268b/files/5291ad3804dfdbcc7216bb3b94069ecb6f9e89ed42a6f4578e0bd6a55e17c97a [none]
[debug] [2021-10-31T14:26:06.406Z] >>> [apiv2][body] POST https://upload-firebasehosting.googleapis.com/upload/sites/ghurbo-tourism/versions/47b776958327268b/files/5291ad3804dfdbcc7216bb3b94069ecb6f9e89ed42a6f4578e0bd6a55e17c97a [stream]
[debug] [2021-10-31T14:26:06.410Z] >>> [apiv2][query] POST https://upload-firebasehosting.googleapis.com/upload/sites/ghurbo-tourism/versions/47b776958327268b/files/38dc562c5bf35846c129bb75cc0cb3981c80db98ba63ef887f572e314d477a1a [none]
[debug] [2021-10-31T14:26:06.410Z] >>> [apiv2][body] POST https://upload-firebasehosting.googleapis.com/upload/sites/ghurbo-tourism/versions/47b776958327268b/files/38dc562c5bf35846c129bb75cc0cb3981c80db98ba63ef887f572e314d477a1a [stream]
[debug] [2021-10-31T14:26:06.413Z] >>> [apiv2][query] POST https://upload-firebasehosting.googleapis.com/upload/sites/ghurbo-tourism/versions/47b776958327268b/files/bbff35edd9b4394ef23a3887dfe89675fb1c3bff0e8c932c8fd8135265414342 [none]
[debug] [2021-10-31T14:26:06.414Z] >>> [apiv2][body] POST https://upload-firebasehosting.googleapis.com/upload/sites/ghurbo-tourism/versions/47b776958327268b/files/bbff35edd9b4394ef23a3887dfe89675fb1c3bff0e8c932c8fd8135265414342 [stream]
[debug] [2021-10-31T14:26:06.417Z] [hosting][populate queue][FINAL] {"max":2039,"min":2039,"avg":2039,"active":0,"complete":1,"success":1,"errored":0,"retried":0,"total":1,"elapsed":2062}
[debug] [2021-10-31T14:26:06.418Z] [hosting] uploads queued: 6
[debug] [2021-10-31T14:26:08.153Z] <<< [apiv2][status] POST https://upload-firebasehosting.googleapis.com/upload/sites/ghurbo-tourism/versions/47b776958327268b/files/38dc562c5bf35846c129bb75cc0cb3981c80db98ba63ef887f572e314d477a1a 200
[debug] [2021-10-31T14:26:08.153Z] <<< [apiv2][body] POST https://upload-firebasehosting.googleapis.com/upload/sites/ghurbo-tourism/versions/47b776958327268b/files/38dc562c5bf35846c129bb75cc0cb3981c80db98ba63ef887f572e314d477a1a [stream]
[debug] [2021-10-31T14:26:08.266Z] <<< [apiv2][status] POST https://upload-firebasehosting.googleapis.com/upload/sites/ghurbo-tourism/versions/47b776958327268b/files/aa231b6474a295ec79a89e49d41ccd4ebc6e0f5a85d3dcb42284777eb4141dd4 200
[debug] [2021-10-31T14:26:08.266Z] <<< [apiv2][body] POST https://upload-firebasehosting.googleapis.com/upload/sites/ghurbo-tourism/versions/47b776958327268b/files/aa231b6474a295ec79a89e49d41ccd4ebc6e0f5a85d3dcb42284777eb4141dd4 [stream]
[debug] [2021-10-31T14:26:08.493Z] <<< [apiv2][status] POST https://upload-firebasehosting.googleapis.com/upload/sites/ghurbo-tourism/versions/47b776958327268b/files/84af3e2b35dc31e3bef3729fb145ace31a6857dd9340b4dde4fe38976b63db5b 200
[debug] [2021-10-31T14:26:08.494Z] <<< [apiv2][body] POST https://upload-firebasehosting.googleapis.com/upload/sites/ghurbo-tourism/versions/47b776958327268b/files/84af3e2b35dc31e3bef3729fb145ace31a6857dd9340b4dde4fe38976b63db5b [stream]
[debug] [2021-10-31T14:26:08.666Z] <<< [apiv2][status] POST https://upload-firebasehosting.googleapis.com/upload/sites/ghurbo-tourism/versions/47b776958327268b/files/bbff35edd9b4394ef23a3887dfe89675fb1c3bff0e8c932c8fd8135265414342 200
[debug] [2021-10-31T14:26:08.666Z] <<< [apiv2][body] POST https://upload-firebasehosting.googleapis.com/upload/sites/ghurbo-tourism/versions/47b776958327268b/files/bbff35edd9b4394ef23a3887dfe89675fb1c3bff0e8c932c8fd8135265414342 [stream]
[debug] [2021-10-31T14:26:08.729Z] <<< [apiv2][status] POST https://upload-firebasehosting.googleapis.com/upload/sites/ghurbo-tourism/versions/47b776958327268b/files/5291ad3804dfdbcc7216bb3b94069ecb6f9e89ed42a6f4578e0bd6a55e17c97a 200
[debug] [2021-10-31T14:26:08.729Z] <<< [apiv2][body] POST https://upload-firebasehosting.googleapis.com/upload/sites/ghurbo-tourism/versions/47b776958327268b/files/5291ad3804dfdbcc7216bb3b94069ecb6f9e89ed42a6f4578e0bd6a55e17c97a [stream]
[debug] [2021-10-31T14:26:09.231Z] <<< [apiv2][status] POST https://upload-firebasehosting.googleapis.com/upload/sites/ghurbo-tourism/versions/47b776958327268b/files/54bd7f1af3e0ea601780b5a5c13917a0600e7fc0e5707b5c9e741f9815b706c2 200
[debug] [2021-10-31T14:26:09.231Z] <<< [apiv2][body] POST https://upload-firebasehosting.googleapis.com/upload/sites/ghurbo-tourism/versions/47b776958327268b/files/54bd7f1af3e0ea601780b5a5c13917a0600e7fc0e5707b5c9e741f9815b706c2 [stream]
[debug] [2021-10-31T14:26:09.231Z] [hosting][upload queue][FINAL] {"max":2842,"min":1761,"avg":2198.5,"active":0,"complete":6,"success":6,"errored":0,"retried":0,"total":6,"elapsed":2842}
[info] +  hosting[ghurbo-tourism]: file upload complete 
[debug] [2021-10-31T14:26:09.232Z] [hosting] deploy completed after 5411ms
[debug] [2021-10-31T14:26:09.238Z] [
  {
    "config": {
      "public": "build",
      "ignore": [
        "firebase.json",
        "**/.*",
        "**/node_modules/**"
      ],
      "rewrites": [
        {
          "source": "**",
          "destination": "/index.html"
        }
      ],
      "site": "ghurbo-tourism"
    },
    "site": "ghurbo-tourism",
    "version": "sites/ghurbo-tourism/versions/47b776958327268b"
  }
]
[info] i  hosting[ghurbo-tourism]: finalizing version... 
[debug] [2021-10-31T14:26:09.240Z] > refreshing access token with scopes: ["email","https://www.googleapis.com/auth/cloud-platform","https://www.googleapis.com/auth/cloudplatformprojects.readonly","https://www.googleapis.com/auth/firebase","openid"]
[debug] [2021-10-31T14:26:09.240Z] >>> HTTP REQUEST POST https://www.googleapis.com/oauth2/v3/token  
 <request body omitted>
[debug] [2021-10-31T14:26:09.460Z] <<< HTTP RESPONSE 200 {"expires":"Mon, 01 Jan 1990 00:00:00 GMT","cache-control":"no-cache, no-store, max-age=0, must-revalidate","pragma":"no-cache","date":"Sun, 31 Oct 2021 14:26:13 GMT","content-type":"application/json; charset=utf-8","vary":"X-Origin, Referer, Origin,Accept-Encoding","server":"scaffolding on HTTPServer2","x-xss-protection":"0","x-frame-options":"SAMEORIGIN","x-content-type-options":"nosniff","alt-svc":"h3=\":443\"; ma=2592000,h3-29=\":443\"; ma=2592000,h3-Q050=\":443\"; ma=2592000,h3-Q046=\":443\"; ma=2592000,h3-Q043=\":443\"; ma=2592000,quic=\":443\"; ma=2592000; v=\"46,43\"","accept-ranges":"none","transfer-encoding":"chunked"}
[debug] [2021-10-31T14:26:09.476Z] >>> HTTP REQUEST PATCH https://firebasehosting.googleapis.com/v1beta1/sites/ghurbo-tourism/versions/47b776958327268b?updateMask=status  
 {"status":"FINALIZED"}
[debug] [2021-10-31T14:26:11.010Z] <<< HTTP RESPONSE 200 {"content-type":"application/json; charset=UTF-8","vary":"X-Origin, Referer, Origin,Accept-Encoding","date":"Sun, 31 Oct 2021 14:26:14 GMT","server":"ESF","cache-control":"private","x-xss-protection":"0","x-frame-options":"SAMEORIGIN","x-content-type-options":"nosniff","alt-svc":"h3=\":443\"; ma=2592000,h3-29=\":443\"; ma=2592000,h3-Q050=\":443\"; ma=2592000,h3-Q046=\":443\"; ma=2592000,h3-Q043=\":443\"; ma=2592000,quic=\":443\"; ma=2592000; v=\"46,43\"","accept-ranges":"none","transfer-encoding":"chunked"}
[debug] [2021-10-31T14:26:11.011Z] [hosting] finalized version for ghurbo-tourism: {"name":"sites/ghurbo-tourism/versions/47b776958327268b","status":"FINALIZED","config":{"rewrites":[{"glob":"**","path":"/index.html"}]},"labels":{"deployment-tool":"cli-firebase"},"createTime":"2021-10-31T14:26:07.404490Z","createUser":{"email":"mahabubemon24@gmail.com"},"finalizeTime":"2021-10-31T14:26:14.788066Z","finalizeUser":{"email":"mahabubemon24@gmail.com"}}
[info] +  hosting[ghurbo-tourism]: version finalized 
[info] i  hosting[ghurbo-tourism]: releasing new version... 
[debug] [2021-10-31T14:26:11.013Z] >>> HTTP REQUEST POST https://firebasehosting.googleapis.com/v1beta1/sites/ghurbo-tourism/releases?version_name=sites/ghurbo-tourism/versions/47b776958327268b  
 {"message":null}
[debug] [2021-10-31T14:26:12.551Z] <<< HTTP RESPONSE 200 {"content-type":"application/json; charset=UTF-8","vary":"X-Origin, Referer, Origin,Accept-Encoding","date":"Sun, 31 Oct 2021 14:26:16 GMT","server":"ESF","cache-control":"private","x-xss-protection":"0","x-frame-options":"SAMEORIGIN","x-content-type-options":"nosniff","alt-svc":"h3=\":443\"; ma=2592000,h3-29=\":443\"; ma=2592000,h3-Q050=\":443\"; ma=2592000,h3-Q046=\":443\"; ma=2592000,h3-Q043=\":443\"; ma=2592000,quic=\":443\"; ma=2592000; v=\"46,43\"","accept-ranges":"none","transfer-encoding":"chunked"}
[debug] [2021-10-31T14:26:12.552Z] [hosting] release: {"name":"sites/ghurbo-tourism/releases/1635690375803265","version":{"name":"sites/ghurbo-tourism/versions/47b776958327268b","status":"FINALIZED","config":{"rewrites":[{"glob":"**","path":"/index.html"}]},"labels":{"deployment-tool":"cli-firebase"},"createTime":"2021-10-31T14:26:07.404490Z","createUser":{"email":"mahabubemon24@gmail.com"},"finalizeTime":"2021-10-31T14:26:14.788066Z","finalizeUser":{"email":"mahabubemon24@gmail.com"}},"type":"DEPLOY","releaseTime":"2021-10-31T14:26:15.803265827Z","releaseUser":{"email":"mahabubemon24@gmail.com"}}
[info] +  hosting[ghurbo-tourism]: release complete 
[info] 
[info] +  Deploy complete! 
[info] 
[info] Project Console: https://console.firebase.google.com/project/ghurbo-tourism/overview
[info] Hosting URL: https://ghurbo-tourism.web.app
